The system is: Darwin - 22.1.0 - arm64
Detecting C compiler ABI info compiled with the following output:
Change Dir: /Users/adam/Dev/Apophenia/MacOS_Build/CMakeFiles/CMakeTmp

Run Build Command(s):/usr/bin/xcodebuild -project CMAKE_TRY_COMPILE.xcodeproj build -target cmTC_abd6d -parallelizeTargets -configuration Debug -hideShellScriptEnvironment && Command line invocation:
    /Applications/Xcode.app/Contents/Developer/usr/bin/xcodebuild -project CMAKE_TRY_COMPILE.xcodeproj build -target cmTC_abd6d -parallelizeTargets -configuration Debug -hideShellScriptEnvironment

User defaults from command line:
    HideShellScriptEnvironment = YES
    IDEPackageSupportUseBuiltinSCM = YES

Computing target dependency graph and provisioning inputs

Create build description
Build description signature: 29727add4051fab041d0225fe4f51f6a
Build description path: /Users/adam/Dev/Apophenia/MacOS_Build/CMakeFiles/CMakeTmp/build/XCBuildData/29727add4051fab041d0225fe4f51f6a-desc.xcbuild

note: Building targets in dependency order
CreateBuildDirectory /Users/adam/Dev/Apophenia/MacOS_Build/CMakeFiles/CMakeTmp
    cd /Users/adam/Dev/Apophenia/MacOS_Build/CMakeFiles/CMakeTmp/CMAKE_TRY_COMPILE.xcodeproj
    builtin-create-build-directory /Users/adam/Dev/Apophenia/MacOS_Build/CMakeFiles/CMakeTmp

CreateBuildDirectory /Users/adam/Dev/Apophenia/MacOS_Build/CMakeFiles/CMakeTmp/EagerLinkingTBDs
    cd /Users/adam/Dev/Apophenia/MacOS_Build/CMakeFiles/CMakeTmp/CMAKE_TRY_COMPILE.xcodeproj
    builtin-create-build-directory /Users/adam/Dev/Apophenia/MacOS_Build/CMakeFiles/CMakeTmp/EagerLinkingTBDs

CreateBuildDirectory /Users/adam/Dev/Apophenia/MacOS_Build/CMakeFiles/CMakeTmp/Debug
    cd /Users/adam/Dev/Apophenia/MacOS_Build/CMakeFiles/CMakeTmp/CMAKE_TRY_COMPILE.xcodeproj
    builtin-create-build-directory /Users/adam/Dev/Apophenia/MacOS_Build/CMakeFiles/CMakeTmp/Debug

WriteAuxiliaryFile /Users/adam/Dev/Apophenia/MacOS_Build/CMakeFiles/CMakeTmp/CMAKE_TRY_COMPILE.build/Debug/cmTC_abd6d.build/Objects-normal/arm64/cmTC_abd6d.LinkFileList (in target 'cmTC_abd6d' from project 'CMAKE_TRY_COMPILE')
    cd /Users/adam/Dev/Apophenia/MacOS_Build/CMakeFiles/CMakeTmp
    write-file /Users/adam/Dev/Apophenia/MacOS_Build/CMakeFiles/CMakeTmp/CMAKE_TRY_COMPILE.build/Debug/cmTC_abd6d.build/Objects-normal/arm64/cmTC_abd6d.LinkFileList

CompileC /Users/adam/Dev/Apophenia/MacOS_Build/CMakeFiles/CMakeTmp/CMAKE_TRY_COMPILE.build/Debug/cmTC_abd6d.build/Objects-normal/arm64/CMakeCCompilerABI.o /opt/homebrew/Cellar/cmake/3.19.6/share/cmake/Modules/CMakeCCompilerABI.c normal arm64 c com.apple.compilers.llvm.clang.1_0.compiler (in target 'cmTC_abd6d' from project 'CMAKE_TRY_COMPILE')
    cd /Users/adam/Dev/Apophenia/MacOS_Build/CMakeFiles/CMakeTmp
    /Applications/Xcode.app/Contents/Developer/Toolchains/XcodeDefault.xctoolchain/usr/bin/cc -x c -target arm64-apple-macos13.0 -fmessage-length\=0 -fdiagnostics-show-note-include-stack -fmacro-backtrace-limit\=0 -Wno-trigraphs -fpascal-strings -O0 -Wno-missing-field-initializers -Wno-missing-prototypes -Wno-return-type -Wno-missing-braces -Wparentheses -Wswitch -Wno-unused-function -Wno-unused-label -Wno-unused-parameter -Wno-unused-variable -Wunused-value -Wno-empty-body -Wno-uninitialized -Wno-unknown-pragmas -Wno-shadow -Wno-four-char-constants -Wno-conversion -Wno-constant-conversion -Wno-int-conversion -Wno-bool-conversion -Wno-enum-conversion -Wno-float-conversion -Wno-non-literal-null-conversion -Wno-objc-literal-conversion -Wshorten-64-to-32 -Wpointer-sign -Wno-newline-eof -Wno-implicit-fallthrough -DCMAKE_INTDIR\=\"Debug\" -isysroot /Applications/Xcode.app/Contents/Developer/Platforms/MacOSX.platform/Developer/SDKs/MacOSX13.0.sdk -fstrict-aliasing -Wdeprecated-declarations -Wno-sign-conversion -Wno-infinite-recursion -Wno-comma -Wno-block-capture-autoreleasing -Wno-strict-prototypes -Wno-semicolon-before-method-body -I/Users/adam/Dev/Apophenia/MacOS_Build/CMakeFiles/CMakeTmp/Debug/include -I/Users/adam/Dev/Apophenia/MacOS_Build/CMakeFiles/CMakeTmp/CMAKE_TRY_COMPILE.build/Debug/cmTC_abd6d.build/DerivedSources-normal/arm64 -I/Users/adam/Dev/Apophenia/MacOS_Build/CMakeFiles/CMakeTmp/CMAKE_TRY_COMPILE.build/Debug/cmTC_abd6d.build/DerivedSources/arm64 -I/Users/adam/Dev/Apophenia/MacOS_Build/CMakeFiles/CMakeTmp/CMAKE_TRY_COMPILE.build/Debug/cmTC_abd6d.build/DerivedSources -F/Users/adam/Dev/Apophenia/MacOS_Build/CMakeFiles/CMakeTmp/Debug -MMD -MT dependencies -MF /Users/adam/Dev/Apophenia/MacOS_Build/CMakeFiles/CMakeTmp/CMAKE_TRY_COMPILE.build/Debug/cmTC_abd6d.build/Objects-normal/arm64/CMakeCCompilerABI.d --serialize-diagnostics /Users/adam/Dev/Apophenia/MacOS_Build/CMakeFiles/CMakeTmp/CMAKE_TRY_COMPILE.build/Debug/cmTC_abd6d.build/Objects-normal/arm64/CMakeCCompilerABI.dia -c /opt/homebrew/Cellar/cmake/3.19.6/share/cmake/Modules/CMakeCCompilerABI.c -o /Users/adam/Dev/Apophenia/MacOS_Build/CMakeFiles/CMakeTmp/CMAKE_TRY_COMPILE.build/Debug/cmTC_abd6d.build/Objects-normal/arm64/CMakeCCompilerABI.o

Ld /Users/adam/Dev/Apophenia/MacOS_Build/CMakeFiles/CMakeTmp/Debug/cmTC_abd6d normal (in target 'cmTC_abd6d' from project 'CMAKE_TRY_COMPILE')
    cd /Users/adam/Dev/Apophenia/MacOS_Build/CMakeFiles/CMakeTmp
    /Applications/Xcode.app/Contents/Developer/Toolchains/XcodeDefault.xctoolchain/usr/bin/clang -target arm64-apple-macos13.0 -isysroot /Applications/Xcode.app/Contents/Developer/Platforms/MacOSX.platform/Developer/SDKs/MacOSX13.0.sdk -L/Users/adam/Dev/Apophenia/MacOS_Build/CMakeFiles/CMakeTmp/EagerLinkingTBDs -L/Users/adam/Dev/Apophenia/MacOS_Build/CMakeFiles/CMakeTmp/Debug -F/Users/adam/Dev/Apophenia/MacOS_Build/CMakeFiles/CMakeTmp/EagerLinkingTBDs -F/Users/adam/Dev/Apophenia/MacOS_Build/CMakeFiles/CMakeTmp/Debug -filelist /Users/adam/Dev/Apophenia/MacOS_Build/CMakeFiles/CMakeTmp/CMAKE_TRY_COMPILE.build/Debug/cmTC_abd6d.build/Objects-normal/arm64/cmTC_abd6d.LinkFileList -Xlinker -no_deduplicate -Wl,-search_paths_first -Wl,-headerpad_max_install_names -Xlinker -dependency_info -Xlinker /Users/adam/Dev/Apophenia/MacOS_Build/CMakeFiles/CMakeTmp/CMAKE_TRY_COMPILE.build/Debug/cmTC_abd6d.build/Objects-normal/arm64/cmTC_abd6d_dependency_info.dat -o /Users/adam/Dev/Apophenia/MacOS_Build/CMakeFiles/CMakeTmp/Debug/cmTC_abd6d

RegisterExecutionPolicyException /Users/adam/Dev/Apophenia/MacOS_Build/CMakeFiles/CMakeTmp/Debug/cmTC_abd6d (in target 'cmTC_abd6d' from project 'CMAKE_TRY_COMPILE')
    cd /Users/adam/Dev/Apophenia/MacOS_Build/CMakeFiles/CMakeTmp
    builtin-RegisterExecutionPolicyException /Users/adam/Dev/Apophenia/MacOS_Build/CMakeFiles/CMakeTmp/Debug/cmTC_abd6d

** BUILD SUCCEEDED **




Detecting CXX compiler ABI info compiled with the following output:
Change Dir: /Users/adam/Dev/Apophenia/MacOS_Build/CMakeFiles/CMakeTmp

Run Build Command(s):/usr/bin/xcodebuild -project CMAKE_TRY_COMPILE.xcodeproj build -target cmTC_01f56 -parallelizeTargets -configuration Debug -hideShellScriptEnvironment && Command line invocation:
    /Applications/Xcode.app/Contents/Developer/usr/bin/xcodebuild -project CMAKE_TRY_COMPILE.xcodeproj build -target cmTC_01f56 -parallelizeTargets -configuration Debug -hideShellScriptEnvironment

User defaults from command line:
    HideShellScriptEnvironment = YES
    IDEPackageSupportUseBuiltinSCM = YES

Computing target dependency graph and provisioning inputs

Create build description
Build description signature: 9a3baabb0487d43f03a66153fa3c44d2
Build description path: /Users/adam/Dev/Apophenia/MacOS_Build/CMakeFiles/CMakeTmp/build/XCBuildData/9a3baabb0487d43f03a66153fa3c44d2-desc.xcbuild

note: Building targets in dependency order
CreateBuildDirectory /Users/adam/Dev/Apophenia/MacOS_Build/CMakeFiles/CMakeTmp
    cd /Users/adam/Dev/Apophenia/MacOS_Build/CMakeFiles/CMakeTmp/CMAKE_TRY_COMPILE.xcodeproj
    builtin-create-build-directory /Users/adam/Dev/Apophenia/MacOS_Build/CMakeFiles/CMakeTmp

CreateBuildDirectory /Users/adam/Dev/Apophenia/MacOS_Build/CMakeFiles/CMakeTmp/EagerLinkingTBDs
    cd /Users/adam/Dev/Apophenia/MacOS_Build/CMakeFiles/CMakeTmp/CMAKE_TRY_COMPILE.xcodeproj
    builtin-create-build-directory /Users/adam/Dev/Apophenia/MacOS_Build/CMakeFiles/CMakeTmp/EagerLinkingTBDs

CreateBuildDirectory /Users/adam/Dev/Apophenia/MacOS_Build/CMakeFiles/CMakeTmp/Debug
    cd /Users/adam/Dev/Apophenia/MacOS_Build/CMakeFiles/CMakeTmp/CMAKE_TRY_COMPILE.xcodeproj
    builtin-create-build-directory /Users/adam/Dev/Apophenia/MacOS_Build/CMakeFiles/CMakeTmp/Debug

WriteAuxiliaryFile /Users/adam/Dev/Apophenia/MacOS_Build/CMakeFiles/CMakeTmp/CMAKE_TRY_COMPILE.build/Debug/cmTC_01f56.build/Objects-normal/arm64/cmTC_01f56.LinkFileList (in target 'cmTC_01f56' from project 'CMAKE_TRY_COMPILE')
    cd /Users/adam/Dev/Apophenia/MacOS_Build/CMakeFiles/CMakeTmp
    write-file /Users/adam/Dev/Apophenia/MacOS_Build/CMakeFiles/CMakeTmp/CMAKE_TRY_COMPILE.build/Debug/cmTC_01f56.build/Objects-normal/arm64/cmTC_01f56.LinkFileList

CompileC /Users/adam/Dev/Apophenia/MacOS_Build/CMakeFiles/CMakeTmp/CMAKE_TRY_COMPILE.build/Debug/cmTC_01f56.build/Objects-normal/arm64/CMakeCXXCompilerABI.o /opt/homebrew/Cellar/cmake/3.19.6/share/cmake/Modules/CMakeCXXCompilerABI.cpp normal arm64 c++ com.apple.compilers.llvm.clang.1_0.compiler (in target 'cmTC_01f56' from project 'CMAKE_TRY_COMPILE')
    cd /Users/adam/Dev/Apophenia/MacOS_Build/CMakeFiles/CMakeTmp
    /Applications/Xcode.app/Contents/Developer/Toolchains/XcodeDefault.xctoolchain/usr/bin/cc -x c++ -target arm64-apple-macos13.0 -fmessage-length\=0 -fdiagnostics-show-note-include-stack -fmacro-backtrace-limit\=0 -Wno-trigraphs -fpascal-strings -O0 -Wno-missing-field-initializers -Wno-missing-prototypes -Wno-return-type -Wno-non-virtual-dtor -Wno-overloaded-virtual -Wno-exit-time-destructors -Wno-missing-braces -Wparentheses -Wswitch -Wno-unused-function -Wno-unused-label -Wno-unused-parameter -Wno-unused-variable -Wunused-value -Wno-empty-body -Wno-uninitialized -Wno-unknown-pragmas -Wno-shadow -Wno-four-char-constants -Wno-conversion -Wno-constant-conversion -Wno-int-conversion -Wno-bool-conversion -Wno-enum-conversion -Wno-float-conversion -Wno-non-literal-null-conversion -Wno-objc-literal-conversion -Wshorten-64-to-32 -Wno-newline-eof -Wno-c++11-extensions -Wno-implicit-fallthrough -DCMAKE_INTDIR\=\"Debug\" -isysroot /Applications/Xcode.app/Contents/Developer/Platforms/MacOSX.platform/Developer/SDKs/MacOSX13.0.sdk -fstrict-aliasing -Wdeprecated-declarations -Winvalid-offsetof -Wno-sign-conversion -Wno-infinite-recursion -Wno-move -Wno-comma -Wno-block-capture-autoreleasing -Wno-strict-prototypes -Wno-range-loop-analysis -Wno-semicolon-before-method-body -I/Users/adam/Dev/Apophenia/MacOS_Build/CMakeFiles/CMakeTmp/Debug/include -I/Users/adam/Dev/Apophenia/MacOS_Build/CMakeFiles/CMakeTmp/CMAKE_TRY_COMPILE.build/Debug/cmTC_01f56.build/DerivedSources-normal/arm64 -I/Users/adam/Dev/Apophenia/MacOS_Build/CMakeFiles/CMakeTmp/CMAKE_TRY_COMPILE.build/Debug/cmTC_01f56.build/DerivedSources/arm64 -I/Users/adam/Dev/Apophenia/MacOS_Build/CMakeFiles/CMakeTmp/CMAKE_TRY_COMPILE.build/Debug/cmTC_01f56.build/DerivedSources -F/Users/adam/Dev/Apophenia/MacOS_Build/CMakeFiles/CMakeTmp/Debug -MMD -MT dependencies -MF /Users/adam/Dev/Apophenia/MacOS_Build/CMakeFiles/CMakeTmp/CMAKE_TRY_COMPILE.build/Debug/cmTC_01f56.build/Objects-normal/arm64/CMakeCXXCompilerABI.d --serialize-diagnostics /Users/adam/Dev/Apophenia/MacOS_Build/CMakeFiles/CMakeTmp/CMAKE_TRY_COMPILE.build/Debug/cmTC_01f56.build/Objects-normal/arm64/CMakeCXXCompilerABI.dia -c /opt/homebrew/Cellar/cmake/3.19.6/share/cmake/Modules/CMakeCXXCompilerABI.cpp -o /Users/adam/Dev/Apophenia/MacOS_Build/CMakeFiles/CMakeTmp/CMAKE_TRY_COMPILE.build/Debug/cmTC_01f56.build/Objects-normal/arm64/CMakeCXXCompilerABI.o

Ld /Users/adam/Dev/Apophenia/MacOS_Build/CMakeFiles/CMakeTmp/Debug/cmTC_01f56 normal (in target 'cmTC_01f56' from project 'CMAKE_TRY_COMPILE')
    cd /Users/adam/Dev/Apophenia/MacOS_Build/CMakeFiles/CMakeTmp
    /Applications/Xcode.app/Contents/Developer/Toolchains/XcodeDefault.xctoolchain/usr/bin/clang++ -target arm64-apple-macos13.0 -isysroot /Applications/Xcode.app/Contents/Developer/Platforms/MacOSX.platform/Developer/SDKs/MacOSX13.0.sdk -L/Users/adam/Dev/Apophenia/MacOS_Build/CMakeFiles/CMakeTmp/EagerLinkingTBDs -L/Users/adam/Dev/Apophenia/MacOS_Build/CMakeFiles/CMakeTmp/Debug -F/Users/adam/Dev/Apophenia/MacOS_Build/CMakeFiles/CMakeTmp/EagerLinkingTBDs -F/Users/adam/Dev/Apophenia/MacOS_Build/CMakeFiles/CMakeTmp/Debug -filelist /Users/adam/Dev/Apophenia/MacOS_Build/CMakeFiles/CMakeTmp/CMAKE_TRY_COMPILE.build/Debug/cmTC_01f56.build/Objects-normal/arm64/cmTC_01f56.LinkFileList -Xlinker -no_deduplicate -Wl,-search_paths_first -Wl,-headerpad_max_install_names -Xlinker -dependency_info -Xlinker /Users/adam/Dev/Apophenia/MacOS_Build/CMakeFiles/CMakeTmp/CMAKE_TRY_COMPILE.build/Debug/cmTC_01f56.build/Objects-normal/arm64/cmTC_01f56_dependency_info.dat -o /Users/adam/Dev/Apophenia/MacOS_Build/CMakeFiles/CMakeTmp/Debug/cmTC_01f56

RegisterExecutionPolicyException /Users/adam/Dev/Apophenia/MacOS_Build/CMakeFiles/CMakeTmp/Debug/cmTC_01f56 (in target 'cmTC_01f56' from project 'CMAKE_TRY_COMPILE')
    cd /Users/adam/Dev/Apophenia/MacOS_Build/CMakeFiles/CMakeTmp
    builtin-RegisterExecutionPolicyException /Users/adam/Dev/Apophenia/MacOS_Build/CMakeFiles/CMakeTmp/Debug/cmTC_01f56

** BUILD SUCCEEDED **




