Compiling the C compiler identification source file "CMakeCCompilerId.c" failed.
Compiler:  
Build flags: 
Id flags:  

The output was:
65
Command line invocation:
    /Applications/Xcode.app/Contents/Developer/usr/bin/xcodebuild

User defaults from command line:
    IDEPackageSupportUseBuiltinSCM = YES

Computing target dependency graph and provisioning inputs

Create build description
Build description signature: e6efb17505f2e55bfbb47a54dd5d0d5d
Build description path: /Users/adam/Dev/Apophenia/MacOS_Build/CMakeFiles/3.19.6/CompilerIdC/./XCBuildData/e6efb17505f2e55bfbb47a54dd5d0d5d-desc.xcbuild

warning: Building targets in manual order is deprecated - check "Parallelize build for command-line builds" in the project editor, or set DISABLE_MANUAL_TARGET_ORDER_BUILD_WARNING in any of the targets in the current build to suppress this warning
error: An empty identity is not valid when signing a binary for the product type 'Command-line Tool'. (in target 'CompilerIdC' from project 'CompilerIdC')
warning: Traditional headermap style is no longer supported; please migrate to using separate headermaps and set 'ALWAYS_SEARCH_USER_PATHS' to NO. (in target 'CompilerIdC' from project 'CompilerIdC')
warning: Run script build phase 'Run Script' will be run during every build because it does not specify any outputs. To address this warning, either add output dependencies to the script phase, or configure it to run in every build by unchecking "Based on dependency analysis" in the script phase. (in target 'CompilerIdC' from project 'CompilerIdC')
** BUILD FAILED **



Compiling the C compiler identification source file "CMakeCCompilerId.c" failed.
Compiler:  
Build flags: 
Id flags:  

The output was:
65
Command line invocation:
    /Applications/Xcode.app/Contents/Developer/usr/bin/xcodebuild

User defaults from command line:
    IDEPackageSupportUseBuiltinSCM = YES

Computing target dependency graph and provisioning inputs

Create build description
Build description signature: 9d13fdf6d798b7ec1f9082f7a1e6e1a6
Build description path: /Users/adam/Dev/Apophenia/MacOS_Build/CMakeFiles/3.19.6/CompilerIdC/./XCBuildData/9d13fdf6d798b7ec1f9082f7a1e6e1a6-desc.xcbuild

warning: Building targets in manual order is deprecated - check "Parallelize build for command-line builds" in the project editor, or set DISABLE_MANUAL_TARGET_ORDER_BUILD_WARNING in any of the targets in the current build to suppress this warning
error: An empty identity is not valid when signing a binary for the product type 'Command-line Tool'. (in target 'CompilerIdC' from project 'CompilerIdC')
warning: Traditional headermap style is no longer supported; please migrate to using separate headermaps and set 'ALWAYS_SEARCH_USER_PATHS' to NO. (in target 'CompilerIdC' from project 'CompilerIdC')
warning: Run script build phase 'Run Script' will be run during every build because it does not specify any outputs. To address this warning, either add output dependencies to the script phase, or configure it to run in every build by unchecking "Based on dependency analysis" in the script phase. (in target 'CompilerIdC' from project 'CompilerIdC')
** BUILD FAILED **



Compiling the CXX compiler identification source file "CMakeCXXCompilerId.cpp" failed.
Compiler:  
Build flags: 
Id flags:  

The output was:
65
Command line invocation:
    /Applications/Xcode.app/Contents/Developer/usr/bin/xcodebuild

User defaults from command line:
    IDEPackageSupportUseBuiltinSCM = YES

Computing target dependency graph and provisioning inputs

Create build description
Build description signature: f2ba7db328583a46502af7d3236785d7
Build description path: /Users/adam/Dev/Apophenia/MacOS_Build/CMakeFiles/3.19.6/CompilerIdCXX/./XCBuildData/f2ba7db328583a46502af7d3236785d7-desc.xcbuild

warning: Building targets in manual order is deprecated - check "Parallelize build for command-line builds" in the project editor, or set DISABLE_MANUAL_TARGET_ORDER_BUILD_WARNING in any of the targets in the current build to suppress this warning
error: An empty identity is not valid when signing a binary for the product type 'Command-line Tool'. (in target 'CompilerIdCXX' from project 'CompilerIdCXX')
warning: Traditional headermap style is no longer supported; please migrate to using separate headermaps and set 'ALWAYS_SEARCH_USER_PATHS' to NO. (in target 'CompilerIdCXX' from project 'CompilerIdCXX')
warning: Run script build phase 'Run Script' will be run during every build because it does not specify any outputs. To address this warning, either add output dependencies to the script phase, or configure it to run in every build by unchecking "Based on dependency analysis" in the script phase. (in target 'CompilerIdCXX' from project 'CompilerIdCXX')
** BUILD FAILED **



Compiling the CXX compiler identification source file "CMakeCXXCompilerId.cpp" failed.
Compiler:  
Build flags: 
Id flags:  

The output was:
65
Command line invocation:
    /Applications/Xcode.app/Contents/Developer/usr/bin/xcodebuild

User defaults from command line:
    IDEPackageSupportUseBuiltinSCM = YES

Computing target dependency graph and provisioning inputs

Create build description
Build description signature: 957449b6625199d5e97cca65d17dad31
Build description path: /Users/adam/Dev/Apophenia/MacOS_Build/CMakeFiles/3.19.6/CompilerIdCXX/./XCBuildData/957449b6625199d5e97cca65d17dad31-desc.xcbuild

warning: Building targets in manual order is deprecated - check "Parallelize build for command-line builds" in the project editor, or set DISABLE_MANUAL_TARGET_ORDER_BUILD_WARNING in any of the targets in the current build to suppress this warning
error: An empty identity is not valid when signing a binary for the product type 'Command-line Tool'. (in target 'CompilerIdCXX' from project 'CompilerIdCXX')
warning: Traditional headermap style is no longer supported; please migrate to using separate headermaps and set 'ALWAYS_SEARCH_USER_PATHS' to NO. (in target 'CompilerIdCXX' from project 'CompilerIdCXX')
warning: Run script build phase 'Run Script' will be run during every build because it does not specify any outputs. To address this warning, either add output dependencies to the script phase, or configure it to run in every build by unchecking "Based on dependency analysis" in the script phase. (in target 'CompilerIdCXX' from project 'CompilerIdCXX')
** BUILD FAILED **



Compiling the C compiler identification source file "CMakeCCompilerId.c" failed.
Compiler:  
Build flags: 
Id flags:  

The output was:
65
Command line invocation:
    /Applications/Xcode.app/Contents/Developer/usr/bin/xcodebuild

User defaults from command line:
    IDEPackageSupportUseBuiltinSCM = YES

Computing target dependency graph and provisioning inputs

Create build description
Build description signature: 7dddf4acbb5942fcd25955899ea113a7
Build description path: /Users/adam/Dev/Apophenia/MacOS_Build/CMakeFiles/3.19.6/CompilerIdC/./XCBuildData/7dddf4acbb5942fcd25955899ea113a7-desc.xcbuild

warning: Building targets in manual order is deprecated - check "Parallelize build for command-line builds" in the project editor, or set DISABLE_MANUAL_TARGET_ORDER_BUILD_WARNING in any of the targets in the current build to suppress this warning
error: An empty identity is not valid when signing a binary for the product type 'Command-line Tool'. (in target 'CompilerIdC' from project 'CompilerIdC')
warning: Traditional headermap style is no longer supported; please migrate to using separate headermaps and set 'ALWAYS_SEARCH_USER_PATHS' to NO. (in target 'CompilerIdC' from project 'CompilerIdC')
warning: Run script build phase 'Run Script' will be run during every build because it does not specify any outputs. To address this warning, either add output dependencies to the script phase, or configure it to run in every build by unchecking "Based on dependency analysis" in the script phase. (in target 'CompilerIdC' from project 'CompilerIdC')
** BUILD FAILED **



Compiling the C compiler identification source file "CMakeCCompilerId.c" failed.
Compiler:  
Build flags: 
Id flags:  

The output was:
65
Command line invocation:
    /Applications/Xcode.app/Contents/Developer/usr/bin/xcodebuild

User defaults from command line:
    IDEPackageSupportUseBuiltinSCM = YES

Computing target dependency graph and provisioning inputs

Create build description
Build description signature: 3703a0a45c25311d0fb2d4b4355f616b
Build description path: /Users/adam/Dev/Apophenia/MacOS_Build/CMakeFiles/3.19.6/CompilerIdC/./XCBuildData/3703a0a45c25311d0fb2d4b4355f616b-desc.xcbuild

warning: Building targets in manual order is deprecated - check "Parallelize build for command-line builds" in the project editor, or set DISABLE_MANUAL_TARGET_ORDER_BUILD_WARNING in any of the targets in the current build to suppress this warning
error: An empty identity is not valid when signing a binary for the product type 'Command-line Tool'. (in target 'CompilerIdC' from project 'CompilerIdC')
warning: Traditional headermap style is no longer supported; please migrate to using separate headermaps and set 'ALWAYS_SEARCH_USER_PATHS' to NO. (in target 'CompilerIdC' from project 'CompilerIdC')
warning: Run script build phase 'Run Script' will be run during every build because it does not specify any outputs. To address this warning, either add output dependencies to the script phase, or configure it to run in every build by unchecking "Based on dependency analysis" in the script phase. (in target 'CompilerIdC' from project 'CompilerIdC')
** BUILD FAILED **



Compiling the CXX compiler identification source file "CMakeCXXCompilerId.cpp" failed.
Compiler:  
Build flags: 
Id flags:  

The output was:
65
Command line invocation:
    /Applications/Xcode.app/Contents/Developer/usr/bin/xcodebuild

User defaults from command line:
    IDEPackageSupportUseBuiltinSCM = YES

Computing target dependency graph and provisioning inputs

Create build description
Build description signature: b10e3b420ac2fd6928c79e245dd05437
Build description path: /Users/adam/Dev/Apophenia/MacOS_Build/CMakeFiles/3.19.6/CompilerIdCXX/./XCBuildData/b10e3b420ac2fd6928c79e245dd05437-desc.xcbuild

warning: Building targets in manual order is deprecated - check "Parallelize build for command-line builds" in the project editor, or set DISABLE_MANUAL_TARGET_ORDER_BUILD_WARNING in any of the targets in the current build to suppress this warning
error: An empty identity is not valid when signing a binary for the product type 'Command-line Tool'. (in target 'CompilerIdCXX' from project 'CompilerIdCXX')
warning: Traditional headermap style is no longer supported; please migrate to using separate headermaps and set 'ALWAYS_SEARCH_USER_PATHS' to NO. (in target 'CompilerIdCXX' from project 'CompilerIdCXX')
warning: Run script build phase 'Run Script' will be run during every build because it does not specify any outputs. To address this warning, either add output dependencies to the script phase, or configure it to run in every build by unchecking "Based on dependency analysis" in the script phase. (in target 'CompilerIdCXX' from project 'CompilerIdCXX')
** BUILD FAILED **



Compiling the CXX compiler identification source file "CMakeCXXCompilerId.cpp" failed.
Compiler:  
Build flags: 
Id flags:  

The output was:
65
Command line invocation:
    /Applications/Xcode.app/Contents/Developer/usr/bin/xcodebuild

User defaults from command line:
    IDEPackageSupportUseBuiltinSCM = YES

Computing target dependency graph and provisioning inputs

Create build description
Build description signature: e31a3b84898b6fcadcb4f147655efe6a
Build description path: /Users/adam/Dev/Apophenia/MacOS_Build/CMakeFiles/3.19.6/CompilerIdCXX/./XCBuildData/e31a3b84898b6fcadcb4f147655efe6a-desc.xcbuild

warning: Building targets in manual order is deprecated - check "Parallelize build for command-line builds" in the project editor, or set DISABLE_MANUAL_TARGET_ORDER_BUILD_WARNING in any of the targets in the current build to suppress this warning
error: An empty identity is not valid when signing a binary for the product type 'Command-line Tool'. (in target 'CompilerIdCXX' from project 'CompilerIdCXX')
warning: Traditional headermap style is no longer supported; please migrate to using separate headermaps and set 'ALWAYS_SEARCH_USER_PATHS' to NO. (in target 'CompilerIdCXX' from project 'CompilerIdCXX')
warning: Run script build phase 'Run Script' will be run during every build because it does not specify any outputs. To address this warning, either add output dependencies to the script phase, or configure it to run in every build by unchecking "Based on dependency analysis" in the script phase. (in target 'CompilerIdCXX' from project 'CompilerIdCXX')
** BUILD FAILED **



Compiling the C compiler identification source file "CMakeCCompilerId.c" failed.
Compiler:  
Build flags: 
Id flags:  

The output was:
65
Command line invocation:
    /Applications/Xcode.app/Contents/Developer/usr/bin/xcodebuild

User defaults from command line:
    IDEPackageSupportUseBuiltinSCM = YES

Computing target dependency graph and provisioning inputs

Create build description
Build description signature: 841b06de62410fa7739abbaac5d0af53
Build description path: /Users/adam/Dev/Apophenia/MacOS_Build/CMakeFiles/3.19.6/CompilerIdC/./XCBuildData/841b06de62410fa7739abbaac5d0af53-desc.xcbuild

warning: Building targets in manual order is deprecated - check "Parallelize build for command-line builds" in the project editor, or set DISABLE_MANUAL_TARGET_ORDER_BUILD_WARNING in any of the targets in the current build to suppress this warning
error: An empty identity is not valid when signing a binary for the product type 'Command-line Tool'. (in target 'CompilerIdC' from project 'CompilerIdC')
warning: Traditional headermap style is no longer supported; please migrate to using separate headermaps and set 'ALWAYS_SEARCH_USER_PATHS' to NO. (in target 'CompilerIdC' from project 'CompilerIdC')
warning: Run script build phase 'Run Script' will be run during every build because it does not specify any outputs. To address this warning, either add output dependencies to the script phase, or configure it to run in every build by unchecking "Based on dependency analysis" in the script phase. (in target 'CompilerIdC' from project 'CompilerIdC')
** BUILD FAILED **



Compiling the C compiler identification source file "CMakeCCompilerId.c" failed.
Compiler:  
Build flags: 
Id flags:  

The output was:
65
Command line invocation:
    /Applications/Xcode.app/Contents/Developer/usr/bin/xcodebuild

User defaults from command line:
    IDEPackageSupportUseBuiltinSCM = YES

Computing target dependency graph and provisioning inputs

Create build description
Build description signature: 5fe8b617f8f3ab23d892801b8dde036a
Build description path: /Users/adam/Dev/Apophenia/MacOS_Build/CMakeFiles/3.19.6/CompilerIdC/./XCBuildData/5fe8b617f8f3ab23d892801b8dde036a-desc.xcbuild

warning: Building targets in manual order is deprecated - check "Parallelize build for command-line builds" in the project editor, or set DISABLE_MANUAL_TARGET_ORDER_BUILD_WARNING in any of the targets in the current build to suppress this warning
error: An empty identity is not valid when signing a binary for the product type 'Command-line Tool'. (in target 'CompilerIdC' from project 'CompilerIdC')
warning: Traditional headermap style is no longer supported; please migrate to using separate headermaps and set 'ALWAYS_SEARCH_USER_PATHS' to NO. (in target 'CompilerIdC' from project 'CompilerIdC')
warning: Run script build phase 'Run Script' will be run during every build because it does not specify any outputs. To address this warning, either add output dependencies to the script phase, or configure it to run in every build by unchecking "Based on dependency analysis" in the script phase. (in target 'CompilerIdC' from project 'CompilerIdC')
** BUILD FAILED **



Compiling the CXX compiler identification source file "CMakeCXXCompilerId.cpp" failed.
Compiler:  
Build flags: 
Id flags:  

The output was:
65
Command line invocation:
    /Applications/Xcode.app/Contents/Developer/usr/bin/xcodebuild

User defaults from command line:
    IDEPackageSupportUseBuiltinSCM = YES

Computing target dependency graph and provisioning inputs

Create build description
Build description signature: 80fdc9b2626d2b233ded5845c4727260
Build description path: /Users/adam/Dev/Apophenia/MacOS_Build/CMakeFiles/3.19.6/CompilerIdCXX/./XCBuildData/80fdc9b2626d2b233ded5845c4727260-desc.xcbuild

warning: Building targets in manual order is deprecated - check "Parallelize build for command-line builds" in the project editor, or set DISABLE_MANUAL_TARGET_ORDER_BUILD_WARNING in any of the targets in the current build to suppress this warning
error: An empty identity is not valid when signing a binary for the product type 'Command-line Tool'. (in target 'CompilerIdCXX' from project 'CompilerIdCXX')
warning: Traditional headermap style is no longer supported; please migrate to using separate headermaps and set 'ALWAYS_SEARCH_USER_PATHS' to NO. (in target 'CompilerIdCXX' from project 'CompilerIdCXX')
warning: Run script build phase 'Run Script' will be run during every build because it does not specify any outputs. To address this warning, either add output dependencies to the script phase, or configure it to run in every build by unchecking "Based on dependency analysis" in the script phase. (in target 'CompilerIdCXX' from project 'CompilerIdCXX')
** BUILD FAILED **



Compiling the CXX compiler identification source file "CMakeCXXCompilerId.cpp" failed.
Compiler:  
Build flags: 
Id flags:  

The output was:
65
Command line invocation:
    /Applications/Xcode.app/Contents/Developer/usr/bin/xcodebuild

User defaults from command line:
    IDEPackageSupportUseBuiltinSCM = YES

Computing target dependency graph and provisioning inputs

Create build description
Build description signature: 9ae4a8702cd09fc19949b5a13c48716a
Build description path: /Users/adam/Dev/Apophenia/MacOS_Build/CMakeFiles/3.19.6/CompilerIdCXX/./XCBuildData/9ae4a8702cd09fc19949b5a13c48716a-desc.xcbuild

warning: Building targets in manual order is deprecated - check "Parallelize build for command-line builds" in the project editor, or set DISABLE_MANUAL_TARGET_ORDER_BUILD_WARNING in any of the targets in the current build to suppress this warning
error: An empty identity is not valid when signing a binary for the product type 'Command-line Tool'. (in target 'CompilerIdCXX' from project 'CompilerIdCXX')
warning: Traditional headermap style is no longer supported; please migrate to using separate headermaps and set 'ALWAYS_SEARCH_USER_PATHS' to NO. (in target 'CompilerIdCXX' from project 'CompilerIdCXX')
warning: Run script build phase 'Run Script' will be run during every build because it does not specify any outputs. To address this warning, either add output dependencies to the script phase, or configure it to run in every build by unchecking "Based on dependency analysis" in the script phase. (in target 'CompilerIdCXX' from project 'CompilerIdCXX')
** BUILD FAILED **



Compiling the C compiler identification source file "CMakeCCompilerId.c" failed.
Compiler:  
Build flags: 
Id flags:  

The output was:
65
Command line invocation:
    /Applications/Xcode.app/Contents/Developer/usr/bin/xcodebuild

User defaults from command line:
    IDEPackageSupportUseBuiltinSCM = YES

Computing target dependency graph and provisioning inputs

Create build description
Build description signature: e2cebe5853435f7c0414c61038f8607d
Build description path: /Users/adam/Dev/Apophenia/MacOS_Build/CMakeFiles/3.19.6/CompilerIdC/./XCBuildData/e2cebe5853435f7c0414c61038f8607d-desc.xcbuild

warning: Building targets in manual order is deprecated - check "Parallelize build for command-line builds" in the project editor, or set DISABLE_MANUAL_TARGET_ORDER_BUILD_WARNING in any of the targets in the current build to suppress this warning
error: An empty identity is not valid when signing a binary for the product type 'Command-line Tool'. (in target 'CompilerIdC' from project 'CompilerIdC')
warning: Traditional headermap style is no longer supported; please migrate to using separate headermaps and set 'ALWAYS_SEARCH_USER_PATHS' to NO. (in target 'CompilerIdC' from project 'CompilerIdC')
warning: Run script build phase 'Run Script' will be run during every build because it does not specify any outputs. To address this warning, either add output dependencies to the script phase, or configure it to run in every build by unchecking "Based on dependency analysis" in the script phase. (in target 'CompilerIdC' from project 'CompilerIdC')
** BUILD FAILED **



Compiling the C compiler identification source file "CMakeCCompilerId.c" failed.
Compiler:  
Build flags: 
Id flags:  

The output was:
65
Command line invocation:
    /Applications/Xcode.app/Contents/Developer/usr/bin/xcodebuild

User defaults from command line:
    IDEPackageSupportUseBuiltinSCM = YES

Computing target dependency graph and provisioning inputs

Create build description
Build description signature: 7599936f0144956a465a51953761f2b3
Build description path: /Users/adam/Dev/Apophenia/MacOS_Build/CMakeFiles/3.19.6/CompilerIdC/./XCBuildData/7599936f0144956a465a51953761f2b3-desc.xcbuild

warning: Building targets in manual order is deprecated - check "Parallelize build for command-line builds" in the project editor, or set DISABLE_MANUAL_TARGET_ORDER_BUILD_WARNING in any of the targets in the current build to suppress this warning
error: An empty identity is not valid when signing a binary for the product type 'Command-line Tool'. (in target 'CompilerIdC' from project 'CompilerIdC')
warning: Traditional headermap style is no longer supported; please migrate to using separate headermaps and set 'ALWAYS_SEARCH_USER_PATHS' to NO. (in target 'CompilerIdC' from project 'CompilerIdC')
warning: Run script build phase 'Run Script' will be run during every build because it does not specify any outputs. To address this warning, either add output dependencies to the script phase, or configure it to run in every build by unchecking "Based on dependency analysis" in the script phase. (in target 'CompilerIdC' from project 'CompilerIdC')
** BUILD FAILED **



Compiling the CXX compiler identification source file "CMakeCXXCompilerId.cpp" failed.
Compiler:  
Build flags: 
Id flags:  

The output was:
65
Command line invocation:
    /Applications/Xcode.app/Contents/Developer/usr/bin/xcodebuild

User defaults from command line:
    IDEPackageSupportUseBuiltinSCM = YES

Computing target dependency graph and provisioning inputs

Create build description
Build description signature: a2bb11483be3a4400b146c154bcbb41b
Build description path: /Users/adam/Dev/Apophenia/MacOS_Build/CMakeFiles/3.19.6/CompilerIdCXX/./XCBuildData/a2bb11483be3a4400b146c154bcbb41b-desc.xcbuild

warning: Building targets in manual order is deprecated - check "Parallelize build for command-line builds" in the project editor, or set DISABLE_MANUAL_TARGET_ORDER_BUILD_WARNING in any of the targets in the current build to suppress this warning
error: An empty identity is not valid when signing a binary for the product type 'Command-line Tool'. (in target 'CompilerIdCXX' from project 'CompilerIdCXX')
warning: Traditional headermap style is no longer supported; please migrate to using separate headermaps and set 'ALWAYS_SEARCH_USER_PATHS' to NO. (in target 'CompilerIdCXX' from project 'CompilerIdCXX')
warning: Run script build phase 'Run Script' will be run during every build because it does not specify any outputs. To address this warning, either add output dependencies to the script phase, or configure it to run in every build by unchecking "Based on dependency analysis" in the script phase. (in target 'CompilerIdCXX' from project 'CompilerIdCXX')
** BUILD FAILED **



Compiling the CXX compiler identification source file "CMakeCXXCompilerId.cpp" failed.
Compiler:  
Build flags: 
Id flags:  

The output was:
65
Command line invocation:
    /Applications/Xcode.app/Contents/Developer/usr/bin/xcodebuild

User defaults from command line:
    IDEPackageSupportUseBuiltinSCM = YES

Computing target dependency graph and provisioning inputs

Create build description
Build description signature: f087329f2696a545f78688e698571ed6
Build description path: /Users/adam/Dev/Apophenia/MacOS_Build/CMakeFiles/3.19.6/CompilerIdCXX/./XCBuildData/f087329f2696a545f78688e698571ed6-desc.xcbuild

warning: Building targets in manual order is deprecated - check "Parallelize build for command-line builds" in the project editor, or set DISABLE_MANUAL_TARGET_ORDER_BUILD_WARNING in any of the targets in the current build to suppress this warning
error: An empty identity is not valid when signing a binary for the product type 'Command-line Tool'. (in target 'CompilerIdCXX' from project 'CompilerIdCXX')
warning: Traditional headermap style is no longer supported; please migrate to using separate headermaps and set 'ALWAYS_SEARCH_USER_PATHS' to NO. (in target 'CompilerIdCXX' from project 'CompilerIdCXX')
warning: Run script build phase 'Run Script' will be run during every build because it does not specify any outputs. To address this warning, either add output dependencies to the script phase, or configure it to run in every build by unchecking "Based on dependency analysis" in the script phase. (in target 'CompilerIdCXX' from project 'CompilerIdCXX')
** BUILD FAILED **



Compiling the C compiler identification source file "CMakeCCompilerId.c" failed.
Compiler: /Applications/Xcode.app/Contents/Developer/Toolchains/XcodeDefault.xctoolchain/usr/bin/c++ 
Build flags: 
Id flags:  

The output was:
65
Command line invocation:
    /Applications/Xcode.app/Contents/Developer/usr/bin/xcodebuild

User defaults from command line:
    IDEPackageSupportUseBuiltinSCM = YES

Computing target dependency graph and provisioning inputs

Create build description
Build description signature: b95783eb69bf4314097181ca66157bb2
Build description path: /Users/adam/Dev/Apophenia/MacOS_Build/CMakeFiles/3.19.6/CompilerIdC/./XCBuildData/b95783eb69bf4314097181ca66157bb2-desc.xcbuild

warning: Building targets in manual order is deprecated - check "Parallelize build for command-line builds" in the project editor, or set DISABLE_MANUAL_TARGET_ORDER_BUILD_WARNING in any of the targets in the current build to suppress this warning
error: An empty identity is not valid when signing a binary for the product type 'Command-line Tool'. (in target 'CompilerIdC' from project 'CompilerIdC')
warning: Traditional headermap style is no longer supported; please migrate to using separate headermaps and set 'ALWAYS_SEARCH_USER_PATHS' to NO. (in target 'CompilerIdC' from project 'CompilerIdC')
warning: Run script build phase 'Run Script' will be run during every build because it does not specify any outputs. To address this warning, either add output dependencies to the script phase, or configure it to run in every build by unchecking "Based on dependency analysis" in the script phase. (in target 'CompilerIdC' from project 'CompilerIdC')
** BUILD FAILED **



Compiling the C compiler identification source file "CMakeCCompilerId.c" failed.
Compiler: /Applications/Xcode.app/Contents/Developer/Toolchains/XcodeDefault.xctoolchain/usr/bin/c++ 
Build flags: 
Id flags:  

The output was:
65
Command line invocation:
    /Applications/Xcode.app/Contents/Developer/usr/bin/xcodebuild

User defaults from command line:
    IDEPackageSupportUseBuiltinSCM = YES

Computing target dependency graph and provisioning inputs

Create build description
Build description signature: 46c16e077f6da26630df1b8e2b3bad27
Build description path: /Users/adam/Dev/Apophenia/MacOS_Build/CMakeFiles/3.19.6/CompilerIdC/./XCBuildData/46c16e077f6da26630df1b8e2b3bad27-desc.xcbuild

warning: Building targets in manual order is deprecated - check "Parallelize build for command-line builds" in the project editor, or set DISABLE_MANUAL_TARGET_ORDER_BUILD_WARNING in any of the targets in the current build to suppress this warning
error: An empty identity is not valid when signing a binary for the product type 'Command-line Tool'. (in target 'CompilerIdC' from project 'CompilerIdC')
warning: Traditional headermap style is no longer supported; please migrate to using separate headermaps and set 'ALWAYS_SEARCH_USER_PATHS' to NO. (in target 'CompilerIdC' from project 'CompilerIdC')
warning: Run script build phase 'Run Script' will be run during every build because it does not specify any outputs. To address this warning, either add output dependencies to the script phase, or configure it to run in every build by unchecking "Based on dependency analysis" in the script phase. (in target 'CompilerIdC' from project 'CompilerIdC')
** BUILD FAILED **



Checking whether the C compiler is IAR using "" did not match "IAR .+ Compiler":
clang: error: no input files
Checking whether the C compiler is IAR using "" did not match "IAR .+ Compiler":
clang: error: no input files
Compiling the CXX compiler identification source file "CMakeCXXCompilerId.cpp" failed.
Compiler: /Applications/Xcode.app/Contents/Developer/Toolchains/XcodeDefault.xctoolchain/usr/bin/c++ 
Build flags: 
Id flags:  

The output was:
65
Command line invocation:
    /Applications/Xcode.app/Contents/Developer/usr/bin/xcodebuild

User defaults from command line:
    IDEPackageSupportUseBuiltinSCM = YES

Computing target dependency graph and provisioning inputs

Create build description
Build description signature: 2d6b2bac0adafa036e1def03756d98e8
Build description path: /Users/adam/Dev/Apophenia/MacOS_Build/CMakeFiles/3.19.6/CompilerIdCXX/./XCBuildData/2d6b2bac0adafa036e1def03756d98e8-desc.xcbuild

warning: Building targets in manual order is deprecated - check "Parallelize build for command-line builds" in the project editor, or set DISABLE_MANUAL_TARGET_ORDER_BUILD_WARNING in any of the targets in the current build to suppress this warning
error: An empty identity is not valid when signing a binary for the product type 'Command-line Tool'. (in target 'CompilerIdCXX' from project 'CompilerIdCXX')
warning: Traditional headermap style is no longer supported; please migrate to using separate headermaps and set 'ALWAYS_SEARCH_USER_PATHS' to NO. (in target 'CompilerIdCXX' from project 'CompilerIdCXX')
warning: Run script build phase 'Run Script' will be run during every build because it does not specify any outputs. To address this warning, either add output dependencies to the script phase, or configure it to run in every build by unchecking "Based on dependency analysis" in the script phase. (in target 'CompilerIdCXX' from project 'CompilerIdCXX')
** BUILD FAILED **



Compiling the CXX compiler identification source file "CMakeCXXCompilerId.cpp" failed.
Compiler: /Applications/Xcode.app/Contents/Developer/Toolchains/XcodeDefault.xctoolchain/usr/bin/c++ 
Build flags: 
Id flags:  

The output was:
65
Command line invocation:
    /Applications/Xcode.app/Contents/Developer/usr/bin/xcodebuild

User defaults from command line:
    IDEPackageSupportUseBuiltinSCM = YES

Computing target dependency graph and provisioning inputs

Create build description
Build description signature: cb414c0e03bf39c8f3888cd3b08f3507
Build description path: /Users/adam/Dev/Apophenia/MacOS_Build/CMakeFiles/3.19.6/CompilerIdCXX/./XCBuildData/cb414c0e03bf39c8f3888cd3b08f3507-desc.xcbuild

warning: Building targets in manual order is deprecated - check "Parallelize build for command-line builds" in the project editor, or set DISABLE_MANUAL_TARGET_ORDER_BUILD_WARNING in any of the targets in the current build to suppress this warning
error: An empty identity is not valid when signing a binary for the product type 'Command-line Tool'. (in target 'CompilerIdCXX' from project 'CompilerIdCXX')
warning: Traditional headermap style is no longer supported; please migrate to using separate headermaps and set 'ALWAYS_SEARCH_USER_PATHS' to NO. (in target 'CompilerIdCXX' from project 'CompilerIdCXX')
warning: Run script build phase 'Run Script' will be run during every build because it does not specify any outputs. To address this warning, either add output dependencies to the script phase, or configure it to run in every build by unchecking "Based on dependency analysis" in the script phase. (in target 'CompilerIdCXX' from project 'CompilerIdCXX')
** BUILD FAILED **



Checking whether the CXX compiler is IAR using "" did not match "IAR .+ Compiler":
clang: error: no input files
Checking whether the CXX compiler is IAR using "" did not match "IAR .+ Compiler":
clang: error: no input files
